1705429006427	geckodriver	INFO	Listening on 127.0.0.1:58640
1705429009472	mozrunner::runner	INFO	Running command: "C:\\Program Files\\Mozilla Firefox\\firefox.exe" "--marionette" "--remote-debugging-port" "58641" "--remote ... ocalhost" "-no-remote" "-profile" "C:\\Users\\fabia\\AppData\\Local\\robocorp\\temp\\56793ad7b01bf908\\rust_mozprofilewZy8Wb"
console.warn: services.settings: Ignoring preference override of remote settings server
console.warn: services.settings: Allow by setting MOZ_REMOTE_SETTINGS_DEVTOOLS=1 in the environment
1705429010006	Marionette	INFO	Marionette enabled
Dynamically enable window occlusion 0
1705429010248	Marionette	INFO	Listening on port 58648
WebDriver BiDi listening on ws://127.0.0.1:58641
Read port: 58648
1705429010516	RemoteAgent	WARN	TLS certificate errors will be ignored for this session
DevTools listening on ws://127.0.0.1:58641/devtools/browser/b19fd14e-e727-4f25-b9e4-755294b2802b
JavaScript warning: https://www.googletagmanager.com/gtm.js?id=GTM-P528B3&gtm_auth=tfAzqo1rYDLgYhmTnSjPqw&gtm_preview=env-130&gtm_cookies_win=x, line 1: unreachable code after return statement
JavaScript warning: https://www.googletagmanager.com/gtm.js?id=GTM-P528B3&gtm_auth=tfAzqo1rYDLgYhmTnSjPqw&gtm_preview=env-130&gtm_cookies_win=x, line 1: unreachable code after return statement
JavaScript warning: https://www.googletagmanager.com/gtm.js?id=GTM-P528B3&gtm_auth=tfAzqo1rYDLgYhmTnSjPqw&gtm_preview=env-130&gtm_cookies_win=x, line 1: unreachable code after return statement
JavaScript warning: https://www.googletagmanager.com/gtm.js?id=GTM-P528B3&gtm_auth=tfAzqo1rYDLgYhmTnSjPqw&gtm_preview=env-130&gtm_cookies_win=x, line 1: unreachable code after return statement
JavaScript warning: https://www.googletagmanager.com/gtm.js?id=GTM-P528B3&gtm_auth=tfAzqo1rYDLgYhmTnSjPqw&gtm_preview=env-130&gtm_cookies_win=x, line 1: unreachable code after return statement
JavaScript warning: https://www.googletagmanager.com/gtm.js?id=GTM-P528B3&gtm_auth=tfAzqo1rYDLgYhmTnSjPqw&gtm_preview=env-130&gtm_cookies_win=x, line 1: unreachable code after return statement
JavaScript warning: https://www.googletagmanager.com/gtm.js?id=GTM-P528B3&gtm_auth=tfAzqo1rYDLgYhmTnSjPqw&gtm_preview=env-130&gtm_cookies_win=x, line 1: unreachable code after return statement
JavaScript warning: https://www.googletagmanager.com/gtm.js?id=GTM-P528B3&gtm_auth=tfAzqo1rYDLgYhmTnSjPqw&gtm_preview=env-130&gtm_cookies_win=x, line 1: unreachable code after return statement
1705429041647	addons.xpi	ERROR	System addon update list error SyntaxError: XMLHttpRequest.open: 'http://%(server)s/dummy-system-addons.xml' is not a valid URL.
1705429044558	Marionette	INFO	Stopped listening on port 58648
JavaScript warning: https://cdn.brandmetrics.com/scripts/bundle/65568.js?sid=4486dfe2-780e-4dfa-a60a-2a948887658f&toploc=www.nytimes.com, line 1: Script terminated by timeout at:
E@https://cdn.brandmetrics.com/scripts/bundle/65568.js?sid=4486dfe2-780e-4dfa-a60a-2a948887658f&toploc=www.nytimes.com:1:5177

Dynamically enable window occlusion 1
console.error: services.settings: 
  Message: NetworkError: Network error: TypeError: NetworkError: Network request failed
  Stack:
    APIError@resource://services-settings/RemoteSettingsClient.sys.mjs:107:1
NetworkError@resource://services-settings/RemoteSettingsClient.sys.mjs:111:5
_adjustedError@resource://services-settings/RemoteSettingsClient.sys.mjs:911:14
maybeSync@resource://services-settings/RemoteSettingsClient.sys.mjs:816:38
observe@resource://gre/modules/AsyncShutdown.sys.mjs:573:17

console.warn: services.settings: main/fingerprinting-protection-overrides sync interrupted by shutdown
console.warn: services.settings: main/fxmonitor-breaches sync interrupted by shutdown
console.error: (new Error("IndexedDB: main/message-groups getLastModified() IndexedDB:  execute() The application is shutting down", "resource://services-settings/IDBHelpers.sys.mjs", 16))
